# JRE version: OpenJDK Runtime Environment (17.0.1+12) (build 17.0.1+12-Ubuntu-120.04)
# Java VM: OpenJDK 64-Bit Server VM (17.0.1+12-Ubuntu-120.04, mixed mode, sharing, tiered, compressed oops, compressed class ptrs, g1 gc, linux-amd64)
GC Precious Log:
 CPUs: 8 total, 8 available
 Memory: 15755M
 Large Page Support: Disabled
 NUMA Support: Disabled
 Compressed Oops: Enabled (Zero based)
 Heap Region Size: 2M
 Heap Min Capacity: 8M
 Heap Initial Capacity: 248M
 Heap Max Capacity: 3940M
 Pre-touch: Disabled
 Parallel Workers: 8
 Concurrent Workers: 2
 Concurrent Refinement Workers: 8
 Periodic GC: Disabled
Heap:
 garbage-first heap   total 75776K, used 49318K [0x0000000709c00000, 0x0000000800000000)
  region size 2048K, 18 young (36864K), 1 survivors (2048K)
 Metaspace       used 29006K, committed 29376K, reserved 1081344K
  class space    used 3088K, committed 3264K, reserved 1048576K
GC Heap History (16 events):
Event: 0.271 GC heap before
{Heap before GC invocations=0 (full 0):
 garbage-first heap   total 258048K, used 22496K [0x0000000709c00000, 0x0000000800000000)
  region size 2048K, 11 young (22528K), 0 survivors (0K)
 Metaspace       used 2268K, committed 2432K, reserved 1056768K
  class space    used 219K, committed 320K, reserved 1048576K
}
Event: 0.274 GC heap after
{Heap after GC invocations=1 (full 0):
 garbage-first heap   total 258048K, used 9045K [0x0000000709c00000, 0x0000000800000000)
  region size 2048K, 2 young (4096K), 2 survivors (4096K)
 Metaspace       used 2268K, committed 2432K, reserved 1056768K
  class space    used 219K, committed 320K, reserved 1048576K
}
Event: 1.806 GC heap before
{Heap before GC invocations=1 (full 0):
 garbage-first heap   total 258048K, used 29525K [0x0000000709c00000, 0x0000000800000000)
  region size 2048K, 12 young (24576K), 2 survivors (4096K)
 Metaspace       used 6658K, committed 6784K, reserved 1056768K
  class space    used 808K, committed 896K, reserved 1048576K
}
Event: 1.812 GC heap after
{Heap after GC invocations=2 (full 0):
 garbage-first heap   total 258048K, used 11680K [0x0000000709c00000, 0x0000000800000000)
  region size 2048K, 2 young (4096K), 2 survivors (4096K)
 Metaspace       used 6658K, committed 6784K, reserved 1056768K
  class space    used 808K, committed 896K, reserved 1048576K
}
Event: 2.878 GC heap before
{Heap before GC invocations=2 (full 0):
 garbage-first heap   total 258048K, used 54688K [0x0000000709c00000, 0x0000000800000000)
  region size 2048K, 25 young (51200K), 2 survivors (4096K)
 Metaspace       used 21391K, committed 21504K, reserved 1073152K
  class space    used 2341K, committed 2368K, reserved 1048576K
}
Event: 2.885 GC heap after
{Heap after GC invocations=3 (full 0):
 garbage-first heap   total 258048K, used 14532K [0x0000000709c00000, 0x0000000800000000)
  region size 2048K, 4 young (8192K), 4 survivors (8192K)
 Metaspace       used 21391K, committed 21504K, reserved 1073152K
  class space    used 2341K, committed 2368K, reserved 1048576K
}
Event: 33.622 GC heap before
{Heap before GC invocations=4 (full 0):
 garbage-first heap   total 81920K, used 55492K [0x0000000709c00000, 0x0000000800000000)
  region size 2048K, 24 young (49152K), 4 survivors (8192K)
 Metaspace       used 27423K, committed 27840K, reserved 1073152K
  class space    used 3080K, committed 3264K, reserved 1048576K
}
Event: 33.628 GC heap after
{Heap after GC invocations=5 (full 0):
 garbage-first heap   total 81920K, used 16530K [0x0000000709c00000, 0x0000000800000000)
  region size 2048K, 3 young (6144K), 3 survivors (6144K)
 Metaspace       used 27423K, committed 27840K, reserved 1073152K
  class space    used 3080K, committed 3264K, reserved 1048576K
}
Event: 33.804 GC heap before
{Heap before GC invocations=5 (full 0):
 garbage-first heap   total 81920K, used 18578K [0x0000000709c00000, 0x0000000800000000)
  region size 2048K, 4 young (8192K), 3 survivors (6144K)
 Metaspace       used 27486K, committed 27840K, reserved 1073152K
  class space    used 3080K, committed 3264K, reserved 1048576K
}
Event: 33.810 GC heap after
{Heap after GC invocations=6 (full 0):
 garbage-first heap   total 81920K, used 17018K [0x0000000709c00000, 0x0000000800000000)
  region size 2048K, 1 young (2048K), 1 survivors (2048K)
 Metaspace       used 27486K, committed 27840K, reserved 1073152K
  class space    used 3080K, committed 3264K, reserved 1048576K
}
Event: 37.393 GC heap before
{Heap before GC invocations=6 (full 0):
 garbage-first heap   total 81920K, used 51834K [0x0000000709c00000, 0x0000000800000000)
  region size 2048K, 19 young (38912K), 1 survivors (2048K)
 Metaspace       used 28479K, committed 28800K, reserved 1081344K
  class space    used 3081K, committed 3264K, reserved 1048576K
}
Event: 37.395 GC heap after
{Heap after GC invocations=7 (full 0):
 garbage-first heap   total 81920K, used 16523K [0x0000000709c00000, 0x0000000800000000)
  region size 2048K, 1 young (2048K), 1 survivors (2048K)
 Metaspace       used 28479K, committed 28800K, reserved 1081344K
  class space    used 3081K, committed 3264K, reserved 1048576K
}
Event: 41.332 GC heap before
{Heap before GC invocations=8 (full 0):
 garbage-first heap   total 75776K, used 57483K [0x0000000709c00000, 0x0000000800000000)
  region size 2048K, 21 young (43008K), 1 survivors (2048K)
 Metaspace       used 28787K, committed 29184K, reserved 1081344K
  class space    used 3081K, committed 3264K, reserved 1048576K
}
Event: 41.338 GC heap after
{Heap after GC invocations=9 (full 0):
 garbage-first heap   total 75776K, used 16514K [0x0000000709c00000, 0x0000000800000000)
  region size 2048K, 1 young (2048K), 1 survivors (2048K)
 Metaspace       used 28787K, committed 29184K, reserved 1081344K
  class space    used 3081K, committed 3264K, reserved 1048576K
}
Event: 44.770 GC heap before
{Heap before GC invocations=9 (full 0):
 garbage-first heap   total 75776K, used 53378K [0x0000000709c00000, 0x0000000800000000)
  region size 2048K, 19 young (38912K), 1 survivors (2048K)
 Metaspace       used 28898K, committed 29248K, reserved 1081344K
  class space    used 3081K, committed 3264K, reserved 1048576K
}
Event: 44.772 GC heap after
{Heap after GC invocations=10 (full 0):
 garbage-first heap   total 75776K, used 16550K [0x0000000709c00000, 0x0000000800000000)
  region size 2048K, 1 young (2048K), 1 survivors (2048K)
 Metaspace       used 28898K, committed 29248K, reserved 1081344K
  class space    used 3081K, committed 3264K, reserved 1048576K
}

