# JRE version: OpenJDK Runtime Environment (17.0.1+12) (build 17.0.1+12-Ubuntu-120.04)
# Java VM: OpenJDK 64-Bit Server VM (17.0.1+12-Ubuntu-120.04, mixed mode, sharing, tiered, compressed oops, compressed class ptrs, g1 gc, linux-amd64)
GC Precious Log:
 CPUs: 8 total, 8 available
 Memory: 15755M
 Large Page Support: Disabled
 NUMA Support: Disabled
 Compressed Oops: Enabled (Zero based)
 Heap Region Size: 2M
 Heap Min Capacity: 8M
 Heap Initial Capacity: 248M
 Heap Max Capacity: 3940M
 Pre-touch: Disabled
 Parallel Workers: 8
 Concurrent Workers: 2
 Concurrent Refinement Workers: 8
 Periodic GC: Disabled
Heap:
 garbage-first heap   total 69632K, used 33313K [0x0000000709c00000, 0x0000000800000000)
  region size 2048K, 10 young (20480K), 1 survivors (2048K)
 Metaspace       used 29557K, committed 29888K, reserved 1081344K
  class space    used 3090K, committed 3264K, reserved 1048576K
GC Heap History (20 events):
Event: 105.745 GC heap before
{Heap before GC invocations=30 (full 0):
 garbage-first heap   total 69632K, used 53915K [0x0000000709c00000, 0x0000000800000000)
  region size 2048K, 19 young (38912K), 1 survivors (2048K)
 Metaspace       used 29533K, committed 29888K, reserved 1081344K
  class space    used 3088K, committed 3264K, reserved 1048576K
}
Event: 105.749 GC heap after
{Heap after GC invocations=31 (full 0):
 garbage-first heap   total 69632K, used 16908K [0x0000000709c00000, 0x0000000800000000)
  region size 2048K, 1 young (2048K), 1 survivors (2048K)
 Metaspace       used 29533K, committed 29888K, reserved 1081344K
  class space    used 3088K, committed 3264K, reserved 1048576K
}
Event: 109.391 GC heap before
{Heap before GC invocations=31 (full 0):
 garbage-first heap   total 69632K, used 53772K [0x0000000709c00000, 0x0000000800000000)
  region size 2048K, 19 young (38912K), 1 survivors (2048K)
 Metaspace       used 29533K, committed 29888K, reserved 1081344K
  class space    used 3088K, committed 3264K, reserved 1048576K
}
Event: 109.394 GC heap after
{Heap after GC invocations=32 (full 0):
 garbage-first heap   total 69632K, used 16770K [0x0000000709c00000, 0x0000000800000000)
  region size 2048K, 1 young (2048K), 1 survivors (2048K)
 Metaspace       used 29533K, committed 29888K, reserved 1081344K
  class space    used 3088K, committed 3264K, reserved 1048576K
}
Event: 113.432 GC heap before
{Heap before GC invocations=32 (full 0):
 garbage-first heap   total 69632K, used 53634K [0x0000000709c00000, 0x0000000800000000)
  region size 2048K, 19 young (38912K), 1 survivors (2048K)
 Metaspace       used 29533K, committed 29888K, reserved 1081344K
  class space    used 3088K, committed 3264K, reserved 1048576K
}
Event: 113.440 GC heap after
{Heap after GC invocations=33 (full 0):
 garbage-first heap   total 69632K, used 16923K [0x0000000709c00000, 0x0000000800000000)
  region size 2048K, 1 young (2048K), 1 survivors (2048K)
 Metaspace       used 29533K, committed 29888K, reserved 1081344K
  class space    used 3088K, committed 3264K, reserved 1048576K
}
Event: 117.282 GC heap before
{Heap before GC invocations=33 (full 0):
 garbage-first heap   total 69632K, used 53787K [0x0000000709c00000, 0x0000000800000000)
  region size 2048K, 19 young (38912K), 1 survivors (2048K)
 Metaspace       used 29538K, committed 29888K, reserved 1081344K
  class space    used 3089K, committed 3264K, reserved 1048576K
}
Event: 117.289 GC heap after
{Heap after GC invocations=34 (full 0):
 garbage-first heap   total 69632K, used 16817K [0x0000000709c00000, 0x0000000800000000)
  region size 2048K, 1 young (2048K), 1 survivors (2048K)
 Metaspace       used 29538K, committed 29888K, reserved 1081344K
  class space    used 3089K, committed 3264K, reserved 1048576K
}
Event: 121.158 GC heap before
{Heap before GC invocations=34 (full 0):
 garbage-first heap   total 69632K, used 53681K [0x0000000709c00000, 0x0000000800000000)
  region size 2048K, 19 young (38912K), 1 survivors (2048K)
 Metaspace       used 29538K, committed 29888K, reserved 1081344K
  class space    used 3089K, committed 3264K, reserved 1048576K
}
Event: 121.162 GC heap after
{Heap after GC invocations=35 (full 0):
 garbage-first heap   total 69632K, used 16968K [0x0000000709c00000, 0x0000000800000000)
  region size 2048K, 1 young (2048K), 1 survivors (2048K)
 Metaspace       used 29538K, committed 29888K, reserved 1081344K
  class space    used 3089K, committed 3264K, reserved 1048576K
}
Event: 125.325 GC heap before
{Heap before GC invocations=35 (full 0):
 garbage-first heap   total 69632K, used 53832K [0x0000000709c00000, 0x0000000800000000)
  region size 2048K, 19 young (38912K), 1 survivors (2048K)
 Metaspace       used 29538K, committed 29888K, reserved 1081344K
  class space    used 3089K, committed 3264K, reserved 1048576K
}
Event: 125.328 GC heap after
{Heap after GC invocations=36 (full 0):
 garbage-first heap   total 69632K, used 16851K [0x0000000709c00000, 0x0000000800000000)
  region size 2048K, 1 young (2048K), 1 survivors (2048K)
 Metaspace       used 29538K, committed 29888K, reserved 1081344K
  class space    used 3089K, committed 3264K, reserved 1048576K
}
Event: 129.117 GC heap before
{Heap before GC invocations=36 (full 0):
 garbage-first heap   total 69632K, used 53715K [0x0000000709c00000, 0x0000000800000000)
  region size 2048K, 19 young (38912K), 1 survivors (2048K)
 Metaspace       used 29538K, committed 29888K, reserved 1081344K
  class space    used 3089K, committed 3264K, reserved 1048576K
}
Event: 129.123 GC heap after
{Heap after GC invocations=37 (full 0):
 garbage-first heap   total 69632K, used 17011K [0x0000000709c00000, 0x0000000800000000)
  region size 2048K, 1 young (2048K), 1 survivors (2048K)
 Metaspace       used 29538K, committed 29888K, reserved 1081344K
  class space    used 3089K, committed 3264K, reserved 1048576K
}
Event: 133.091 GC heap before
{Heap before GC invocations=37 (full 0):
 garbage-first heap   total 69632K, used 53875K [0x0000000709c00000, 0x0000000800000000)
  region size 2048K, 19 young (38912K), 1 survivors (2048K)
 Metaspace       used 29538K, committed 29888K, reserved 1081344K
  class space    used 3089K, committed 3264K, reserved 1048576K
}
Event: 133.093 GC heap after
{Heap after GC invocations=38 (full 0):
 garbage-first heap   total 69632K, used 16889K [0x0000000709c00000, 0x0000000800000000)
  region size 2048K, 1 young (2048K), 1 survivors (2048K)
 Metaspace       used 29538K, committed 29888K, reserved 1081344K
  class space    used 3089K, committed 3264K, reserved 1048576K
}
Event: 136.959 GC heap before
{Heap before GC invocations=38 (full 0):
 garbage-first heap   total 69632K, used 53753K [0x0000000709c00000, 0x0000000800000000)
  region size 2048K, 19 young (38912K), 1 survivors (2048K)
 Metaspace       used 29538K, committed 29888K, reserved 1081344K
  class space    used 3089K, committed 3264K, reserved 1048576K
}
Event: 136.961 GC heap after
{Heap after GC invocations=39 (full 0):
 garbage-first heap   total 69632K, used 17037K [0x0000000709c00000, 0x0000000800000000)
  region size 2048K, 1 young (2048K), 1 survivors (2048K)
 Metaspace       used 29538K, committed 29888K, reserved 1081344K
  class space    used 3089K, committed 3264K, reserved 1048576K
}
Event: 140.903 GC heap before
{Heap before GC invocations=39 (full 0):
 garbage-first heap   total 69632K, used 53901K [0x0000000709c00000, 0x0000000800000000)
  region size 2048K, 19 young (38912K), 1 survivors (2048K)
 Metaspace       used 29540K, committed 29888K, reserved 1081344K
  class space    used 3089K, committed 3264K, reserved 1048576K
}
Event: 140.905 GC heap after
{Heap after GC invocations=40 (full 0):
 garbage-first heap   total 69632K, used 16929K [0x0000000709c00000, 0x0000000800000000)
  region size 2048K, 1 young (2048K), 1 survivors (2048K)
 Metaspace       used 29540K, committed 29888K, reserved 1081344K
  class space    used 3089K, committed 3264K, reserved 1048576K
}

