# JRE version: OpenJDK Runtime Environment (17.0.1+12) (build 17.0.1+12-Ubuntu-120.04)
# Java VM: OpenJDK 64-Bit Server VM (17.0.1+12-Ubuntu-120.04, mixed mode, sharing, tiered, compressed oops, compressed class ptrs, g1 gc, linux-amd64)
GC Precious Log:
 CPUs: 8 total, 8 available
 Memory: 15755M
 Large Page Support: Disabled
 NUMA Support: Disabled
 Compressed Oops: Enabled (Zero based)
 Heap Region Size: 2M
 Heap Min Capacity: 8M
 Heap Initial Capacity: 248M
 Heap Max Capacity: 3940M
 Pre-touch: Disabled
 Parallel Workers: 8
 Concurrent Workers: 2
 Concurrent Refinement Workers: 8
 Periodic GC: Disabled
Heap:
 garbage-first heap   total 69632K, used 37657K [0x0000000709c00000, 0x0000000800000000)
  region size 2048K, 13 young (26624K), 1 survivors (2048K)
 Metaspace       used 29031K, committed 29376K, reserved 1081344K
  class space    used 3088K, committed 3264K, reserved 1048576K
GC Heap History (20 events):
Event: 10.091 GC heap before
{Heap before GC invocations=3 (full 0):
 garbage-first heap   total 258048K, used 20980K [0x0000000709c00000, 0x0000000800000000)
  region size 2048K, 6 young (12288K), 2 survivors (4096K)
 Metaspace       used 21362K, committed 21504K, reserved 1073152K
  class space    used 2348K, committed 2432K, reserved 1048576K
}
Event: 10.095 GC heap after
{Heap after GC invocations=4 (full 0):
 garbage-first heap   total 258048K, used 15232K [0x0000000709c00000, 0x0000000800000000)
  region size 2048K, 2 young (4096K), 2 survivors (4096K)
 Metaspace       used 21362K, committed 21504K, reserved 1073152K
  class space    used 2348K, committed 2432K, reserved 1048576K
}
Event: 52.445 GC heap before
{Heap before GC invocations=5 (full 0):
 garbage-first heap   total 69632K, used 50048K [0x0000000709c00000, 0x0000000800000000)
  region size 2048K, 21 young (43008K), 2 survivors (4096K)
 Metaspace       used 27202K, committed 27584K, reserved 1073152K
  class space    used 3077K, committed 3264K, reserved 1048576K
}
Event: 52.449 GC heap after
{Heap after GC invocations=6 (full 0):
 garbage-first heap   total 69632K, used 16931K [0x0000000709c00000, 0x0000000800000000)
  region size 2048K, 3 young (6144K), 3 survivors (6144K)
 Metaspace       used 27202K, committed 27584K, reserved 1073152K
  class space    used 3077K, committed 3264K, reserved 1048576K
}
Event: 52.630 GC heap before
{Heap before GC invocations=6 (full 0):
 garbage-first heap   total 69632K, used 16931K [0x0000000709c00000, 0x0000000800000000)
  region size 2048K, 4 young (8192K), 3 survivors (6144K)
 Metaspace       used 27261K, committed 27584K, reserved 1073152K
  class space    used 3077K, committed 3264K, reserved 1048576K
}
Event: 52.636 GC heap after
{Heap after GC invocations=7 (full 0):
 garbage-first heap   total 69632K, used 15623K [0x0000000709c00000, 0x0000000800000000)
  region size 2048K, 1 young (2048K), 1 survivors (2048K)
 Metaspace       used 27261K, committed 27584K, reserved 1073152K
  class space    used 3077K, committed 3264K, reserved 1048576K
}
Event: 55.313 GC heap before
{Heap before GC invocations=7 (full 0):
 garbage-first heap   total 69632K, used 44295K [0x0000000709c00000, 0x0000000800000000)
  region size 2048K, 15 young (30720K), 1 survivors (2048K)
 Metaspace       used 28011K, committed 28352K, reserved 1081344K
  class space    used 3081K, committed 3264K, reserved 1048576K
}
Event: 55.315 GC heap after
{Heap after GC invocations=8 (full 0):
 garbage-first heap   total 69632K, used 15143K [0x0000000709c00000, 0x0000000800000000)
  region size 2048K, 1 young (2048K), 1 survivors (2048K)
 Metaspace       used 28011K, committed 28352K, reserved 1081344K
  class space    used 3081K, committed 3264K, reserved 1048576K
}
Event: 58.113 GC heap before
{Heap before GC invocations=8 (full 0):
 garbage-first heap   total 69632K, used 43815K [0x0000000709c00000, 0x0000000800000000)
  region size 2048K, 16 young (32768K), 1 survivors (2048K)
 Metaspace       used 28432K, committed 28800K, reserved 1081344K
  class space    used 3081K, committed 3264K, reserved 1048576K
}
Event: 58.114 GC heap after
{Heap after GC invocations=9 (full 0):
 garbage-first heap   total 69632K, used 15092K [0x0000000709c00000, 0x0000000800000000)
  region size 2048K, 1 young (2048K), 1 survivors (2048K)
 Metaspace       used 28432K, committed 28800K, reserved 1081344K
  class space    used 3081K, committed 3264K, reserved 1048576K
}
Event: 61.009 GC heap before
{Heap before GC invocations=9 (full 0):
 garbage-first heap   total 69632K, used 47860K [0x0000000709c00000, 0x0000000800000000)
  region size 2048K, 17 young (34816K), 1 survivors (2048K)
 Metaspace       used 28646K, committed 28992K, reserved 1081344K
  class space    used 3081K, committed 3264K, reserved 1048576K
}
Event: 61.010 GC heap after
{Heap after GC invocations=10 (full 0):
 garbage-first heap   total 69632K, used 15091K [0x0000000709c00000, 0x0000000800000000)
  region size 2048K, 1 young (2048K), 1 survivors (2048K)
 Metaspace       used 28646K, committed 28992K, reserved 1081344K
  class space    used 3081K, committed 3264K, reserved 1048576K
}
Event: 64.052 GC heap before
{Heap before GC invocations=10 (full 0):
 garbage-first heap   total 69632K, used 47859K [0x0000000709c00000, 0x0000000800000000)
  region size 2048K, 18 young (36864K), 1 survivors (2048K)
 Metaspace       used 28772K, committed 29184K, reserved 1081344K
  class space    used 3081K, committed 3264K, reserved 1048576K
}
Event: 64.054 GC heap after
{Heap after GC invocations=11 (full 0):
 garbage-first heap   total 69632K, used 15118K [0x0000000709c00000, 0x0000000800000000)
  region size 2048K, 1 young (2048K), 1 survivors (2048K)
 Metaspace       used 28772K, committed 29184K, reserved 1081344K
  class space    used 3081K, committed 3264K, reserved 1048576K
}
Event: 67.224 GC heap before
{Heap before GC invocations=11 (full 0):
 garbage-first heap   total 69632K, used 47886K [0x0000000709c00000, 0x0000000800000000)
  region size 2048K, 18 young (36864K), 1 survivors (2048K)
 Metaspace       used 28831K, committed 29184K, reserved 1081344K
  class space    used 3081K, committed 3264K, reserved 1048576K
}
Event: 67.229 GC heap after
{Heap after GC invocations=12 (full 0):
 garbage-first heap   total 69632K, used 15117K [0x0000000709c00000, 0x0000000800000000)
  region size 2048K, 1 young (2048K), 1 survivors (2048K)
 Metaspace       used 28831K, committed 29184K, reserved 1081344K
  class space    used 3081K, committed 3264K, reserved 1048576K
}
Event: 70.567 GC heap before
{Heap before GC invocations=12 (full 0):
 garbage-first heap   total 69632K, used 51981K [0x0000000709c00000, 0x0000000800000000)
  region size 2048K, 19 young (38912K), 1 survivors (2048K)
 Metaspace       used 28915K, committed 29248K, reserved 1081344K
  class space    used 3081K, committed 3264K, reserved 1048576K
}
Event: 70.572 GC heap after
{Heap after GC invocations=13 (full 0):
 garbage-first heap   total 69632K, used 15125K [0x0000000709c00000, 0x0000000800000000)
  region size 2048K, 1 young (2048K), 1 survivors (2048K)
 Metaspace       used 28915K, committed 29248K, reserved 1081344K
  class space    used 3081K, committed 3264K, reserved 1048576K
}
Event: 73.841 GC heap before
{Heap before GC invocations=13 (full 0):
 garbage-first heap   total 69632K, used 51989K [0x0000000709c00000, 0x0000000800000000)
  region size 2048K, 19 young (38912K), 1 survivors (2048K)
 Metaspace       used 28979K, committed 29312K, reserved 1081344K
  class space    used 3081K, committed 3264K, reserved 1048576K
}
Event: 73.842 GC heap after
{Heap after GC invocations=14 (full 0):
 garbage-first heap   total 69632K, used 15129K [0x0000000709c00000, 0x0000000800000000)
  region size 2048K, 1 young (2048K), 1 survivors (2048K)
 Metaspace       used 28979K, committed 29312K, reserved 1081344K
  class space    used 3081K, committed 3264K, reserved 1048576K
}

