# JRE version: OpenJDK Runtime Environment (17.0.1+12) (build 17.0.1+12-Ubuntu-120.04)
# Java VM: OpenJDK 64-Bit Server VM (17.0.1+12-Ubuntu-120.04, mixed mode, sharing, tiered, compressed oops, compressed class ptrs, g1 gc, linux-amd64)
GC Precious Log:
 CPUs: 8 total, 8 available
 Memory: 15755M
 Large Page Support: Disabled
 NUMA Support: Disabled
 Compressed Oops: Enabled (Zero based)
 Heap Region Size: 2M
 Heap Min Capacity: 8M
 Heap Initial Capacity: 248M
 Heap Max Capacity: 3940M
 Pre-touch: Disabled
 Parallel Workers: 8
 Concurrent Workers: 2
 Concurrent Refinement Workers: 8
 Periodic GC: Disabled
Heap:
 garbage-first heap   total 75776K, used 27566K [0x0000000709c00000, 0x0000000800000000)
  region size 2048K, 7 young (14336K), 1 survivors (2048K)
 Metaspace       used 29021K, committed 29376K, reserved 1081344K
  class space    used 3090K, committed 3264K, reserved 1048576K
GC Heap History (18 events):
Event: 0.237 GC heap before
{Heap before GC invocations=0 (full 0):
 garbage-first heap   total 258048K, used 22496K [0x0000000709c00000, 0x0000000800000000)
  region size 2048K, 11 young (22528K), 0 survivors (0K)
 Metaspace       used 2268K, committed 2432K, reserved 1056768K
  class space    used 219K, committed 320K, reserved 1048576K
}
Event: 0.240 GC heap after
{Heap after GC invocations=1 (full 0):
 garbage-first heap   total 258048K, used 9258K [0x0000000709c00000, 0x0000000800000000)
  region size 2048K, 2 young (4096K), 2 survivors (4096K)
 Metaspace       used 2268K, committed 2432K, reserved 1056768K
  class space    used 219K, committed 320K, reserved 1048576K
}
Event: 6.858 GC heap before
{Heap before GC invocations=1 (full 0):
 garbage-first heap   total 258048K, used 31786K [0x0000000709c00000, 0x0000000800000000)
  region size 2048K, 13 young (26624K), 2 survivors (4096K)
 Metaspace       used 7319K, committed 7488K, reserved 1056768K
  class space    used 869K, committed 960K, reserved 1048576K
}
Event: 6.863 GC heap after
{Heap after GC invocations=2 (full 0):
 garbage-first heap   total 258048K, used 12798K [0x0000000709c00000, 0x0000000800000000)
  region size 2048K, 2 young (4096K), 2 survivors (4096K)
 Metaspace       used 7319K, committed 7488K, reserved 1056768K
  class space    used 869K, committed 960K, reserved 1048576K
}
Event: 7.737 GC heap before
{Heap before GC invocations=2 (full 0):
 garbage-first heap   total 258048K, used 51710K [0x0000000709c00000, 0x0000000800000000)
  region size 2048K, 22 young (45056K), 2 survivors (4096K)
 Metaspace       used 20972K, committed 21120K, reserved 1073152K
  class space    used 2300K, committed 2368K, reserved 1048576K
}
Event: 7.742 GC heap after
{Heap after GC invocations=3 (full 0):
 garbage-first heap   total 258048K, used 16019K [0x0000000709c00000, 0x0000000800000000)
  region size 2048K, 2 young (4096K), 2 survivors (4096K)
 Metaspace       used 20972K, committed 21120K, reserved 1073152K
  class space    used 2300K, committed 2368K, reserved 1048576K
}
Event: 7.793 GC heap before
{Heap before GC invocations=3 (full 0):
 garbage-first heap   total 258048K, used 18067K [0x0000000709c00000, 0x0000000800000000)
  region size 2048K, 4 young (8192K), 2 survivors (4096K)
 Metaspace       used 21377K, committed 21504K, reserved 1073152K
  class space    used 2338K, committed 2368K, reserved 1048576K
}
Event: 7.796 GC heap after
{Heap after GC invocations=4 (full 0):
 garbage-first heap   total 258048K, used 16105K [0x0000000709c00000, 0x0000000800000000)
  region size 2048K, 2 young (4096K), 2 survivors (4096K)
 Metaspace       used 21377K, committed 21504K, reserved 1073152K
  class space    used 2338K, committed 2368K, reserved 1048576K
}
Event: 15.292 GC heap before
{Heap before GC invocations=5 (full 0):
 garbage-first heap   total 75776K, used 57065K [0x0000000709c00000, 0x0000000800000000)
  region size 2048K, 22 young (45056K), 2 survivors (4096K)
 Metaspace       used 27462K, committed 27840K, reserved 1081344K
  class space    used 3082K, committed 3264K, reserved 1048576K
}
Event: 15.301 GC heap after
{Heap after GC invocations=6 (full 0):
 garbage-first heap   total 75776K, used 17898K [0x0000000709c00000, 0x0000000800000000)
  region size 2048K, 3 young (6144K), 3 survivors (6144K)
 Metaspace       used 27462K, committed 27840K, reserved 1081344K
  class space    used 3082K, committed 3264K, reserved 1048576K
}
Event: 15.545 GC heap before
{Heap before GC invocations=6 (full 0):
 garbage-first heap   total 75776K, used 17898K [0x0000000709c00000, 0x0000000800000000)
  region size 2048K, 4 young (8192K), 3 survivors (6144K)
 Metaspace       used 27684K, committed 28032K, reserved 1081344K
  class space    used 3082K, committed 3264K, reserved 1048576K
}
Event: 15.551 GC heap after
{Heap after GC invocations=7 (full 0):
 garbage-first heap   total 75776K, used 17579K [0x0000000709c00000, 0x0000000800000000)
  region size 2048K, 1 young (2048K), 1 survivors (2048K)
 Metaspace       used 27684K, committed 28032K, reserved 1081344K
  class space    used 3082K, committed 3264K, reserved 1048576K
}
Event: 19.449 GC heap before
{Heap before GC invocations=7 (full 0):
 garbage-first heap   total 75776K, used 48299K [0x0000000709c00000, 0x0000000800000000)
  region size 2048K, 17 young (34816K), 1 survivors (2048K)
 Metaspace       used 28604K, committed 28928K, reserved 1081344K
  class space    used 3082K, committed 3264K, reserved 1048576K
}
Event: 19.451 GC heap after
{Heap after GC invocations=8 (full 0):
 garbage-first heap   total 75776K, used 17281K [0x0000000709c00000, 0x0000000800000000)
  region size 2048K, 1 young (2048K), 1 survivors (2048K)
 Metaspace       used 28604K, committed 28928K, reserved 1081344K
  class space    used 3082K, committed 3264K, reserved 1048576K
}
Event: 23.660 GC heap before
{Heap before GC invocations=8 (full 0):
 garbage-first heap   total 75776K, used 52097K [0x0000000709c00000, 0x0000000800000000)
  region size 2048K, 18 young (36864K), 1 survivors (2048K)
 Metaspace       used 28826K, committed 29184K, reserved 1081344K
  class space    used 3082K, committed 3264K, reserved 1048576K
}
Event: 23.662 GC heap after
{Heap after GC invocations=9 (full 0):
 garbage-first heap   total 75776K, used 17255K [0x0000000709c00000, 0x0000000800000000)
  region size 2048K, 1 young (2048K), 1 survivors (2048K)
 Metaspace       used 28826K, committed 29184K, reserved 1081344K
  class space    used 3082K, committed 3264K, reserved 1048576K
}
Event: 27.861 GC heap before
{Heap before GC invocations=9 (full 0):
 garbage-first heap   total 75776K, used 54119K [0x0000000709c00000, 0x0000000800000000)
  region size 2048K, 19 young (38912K), 1 survivors (2048K)
 Metaspace       used 28971K, committed 29312K, reserved 1081344K
  class space    used 3082K, committed 3264K, reserved 1048576K
}
Event: 27.863 GC heap after
{Heap after GC invocations=10 (full 0):
 garbage-first heap   total 75776K, used 17326K [0x0000000709c00000, 0x0000000800000000)
  region size 2048K, 1 young (2048K), 1 survivors (2048K)
 Metaspace       used 28971K, committed 29312K, reserved 1081344K
  class space    used 3082K, committed 3264K, reserved 1048576K
}

