# JRE version: OpenJDK Runtime Environment (17.0.1+12) (build 17.0.1+12-Ubuntu-120.04)
# Java VM: OpenJDK 64-Bit Server VM (17.0.1+12-Ubuntu-120.04, mixed mode, sharing, tiered, compressed oops, compressed class ptrs, g1 gc, linux-amd64)
GC Precious Log:
 CPUs: 8 total, 8 available
 Memory: 15755M
 Large Page Support: Disabled
 NUMA Support: Disabled
 Compressed Oops: Enabled (Zero based)
 Heap Region Size: 2M
 Heap Min Capacity: 8M
 Heap Initial Capacity: 248M
 Heap Max Capacity: 3940M
 Pre-touch: Disabled
 Parallel Workers: 8
 Concurrent Workers: 2
 Concurrent Refinement Workers: 8
 Periodic GC: Disabled
Heap:
 garbage-first heap   total 75776K, used 25602K [0x0000000709c00000, 0x0000000800000000)
  region size 2048K, 7 young (14336K), 1 survivors (2048K)
 Metaspace       used 29009K, committed 29376K, reserved 1081344K
  class space    used 3087K, committed 3264K, reserved 1048576K
GC Heap History (18 events):
Event: 0.215 GC heap before
{Heap before GC invocations=0 (full 0):
 garbage-first heap   total 258048K, used 22496K [0x0000000709c00000, 0x0000000800000000)
  region size 2048K, 11 young (22528K), 0 survivors (0K)
 Metaspace       used 2272K, committed 2432K, reserved 1056768K
  class space    used 219K, committed 320K, reserved 1048576K
}
Event: 0.218 GC heap after
{Heap after GC invocations=1 (full 0):
 garbage-first heap   total 258048K, used 9056K [0x0000000709c00000, 0x0000000800000000)
  region size 2048K, 2 young (4096K), 2 survivors (4096K)
 Metaspace       used 2272K, committed 2432K, reserved 1056768K
  class space    used 219K, committed 320K, reserved 1048576K
}
Event: 1.129 GC heap before
{Heap before GC invocations=1 (full 0):
 garbage-first heap   total 258048K, used 31584K [0x0000000709c00000, 0x0000000800000000)
  region size 2048K, 13 young (26624K), 2 survivors (4096K)
 Metaspace       used 7258K, committed 7488K, reserved 1056768K
  class space    used 866K, committed 960K, reserved 1048576K
}
Event: 1.133 GC heap after
{Heap after GC invocations=2 (full 0):
 garbage-first heap   total 258048K, used 12747K [0x0000000709c00000, 0x0000000800000000)
  region size 2048K, 2 young (4096K), 2 survivors (4096K)
 Metaspace       used 7258K, committed 7488K, reserved 1056768K
  class space    used 866K, committed 960K, reserved 1048576K
}
Event: 1.959 GC heap before
{Heap before GC invocations=2 (full 0):
 garbage-first heap   total 258048K, used 53707K [0x0000000709c00000, 0x0000000800000000)
  region size 2048K, 23 young (47104K), 2 survivors (4096K)
 Metaspace       used 21358K, committed 21440K, reserved 1073152K
  class space    used 2339K, committed 2368K, reserved 1048576K
}
Event: 1.963 GC heap after
{Heap after GC invocations=3 (full 0):
 garbage-first heap   total 258048K, used 15704K [0x0000000709c00000, 0x0000000800000000)
  region size 2048K, 2 young (4096K), 2 survivors (4096K)
 Metaspace       used 21358K, committed 21440K, reserved 1073152K
  class space    used 2339K, committed 2368K, reserved 1048576K
}
Event: 1.964 GC heap before
{Heap before GC invocations=3 (full 0):
 garbage-first heap   total 258048K, used 15704K [0x0000000709c00000, 0x0000000800000000)
  region size 2048K, 3 young (6144K), 2 survivors (4096K)
 Metaspace       used 21374K, committed 21568K, reserved 1073152K
  class space    used 2342K, committed 2432K, reserved 1048576K
}
Event: 1.966 GC heap after
{Heap after GC invocations=4 (full 0):
 garbage-first heap   total 258048K, used 15756K [0x0000000709c00000, 0x0000000800000000)
  region size 2048K, 2 young (4096K), 2 survivors (4096K)
 Metaspace       used 21374K, committed 21568K, reserved 1073152K
  class space    used 2342K, committed 2432K, reserved 1048576K
}
Event: 44.368 GC heap before
{Heap before GC invocations=5 (full 0):
 garbage-first heap   total 75776K, used 56716K [0x0000000709c00000, 0x0000000800000000)
  region size 2048K, 22 young (45056K), 2 survivors (4096K)
 Metaspace       used 27421K, committed 27776K, reserved 1081344K
  class space    used 3079K, committed 3264K, reserved 1048576K
}
Event: 44.374 GC heap after
{Heap after GC invocations=6 (full 0):
 garbage-first heap   total 75776K, used 17301K [0x0000000709c00000, 0x0000000800000000)
  region size 2048K, 3 young (6144K), 3 survivors (6144K)
 Metaspace       used 27421K, committed 27776K, reserved 1081344K
  class space    used 3079K, committed 3264K, reserved 1048576K
}
Event: 44.707 GC heap before
{Heap before GC invocations=6 (full 0):
 garbage-first heap   total 75776K, used 19349K [0x0000000709c00000, 0x0000000800000000)
  region size 2048K, 4 young (8192K), 3 survivors (6144K)
 Metaspace       used 27560K, committed 27904K, reserved 1081344K
  class space    used 3079K, committed 3264K, reserved 1048576K
}
Event: 44.712 GC heap after
{Heap after GC invocations=7 (full 0):
 garbage-first heap   total 75776K, used 17672K [0x0000000709c00000, 0x0000000800000000)
  region size 2048K, 1 young (2048K), 1 survivors (2048K)
 Metaspace       used 27560K, committed 27904K, reserved 1081344K
  class space    used 3079K, committed 3264K, reserved 1048576K
}
Event: 48.904 GC heap before
{Heap before GC invocations=7 (full 0):
 garbage-first heap   total 75776K, used 50440K [0x0000000709c00000, 0x0000000800000000)
  region size 2048K, 17 young (34816K), 1 survivors (2048K)
 Metaspace       used 28615K, committed 28992K, reserved 1081344K
  class space    used 3079K, committed 3264K, reserved 1048576K
}
Event: 48.908 GC heap after
{Heap after GC invocations=8 (full 0):
 garbage-first heap   total 75776K, used 17373K [0x0000000709c00000, 0x0000000800000000)
  region size 2048K, 1 young (2048K), 1 survivors (2048K)
 Metaspace       used 28615K, committed 28992K, reserved 1081344K
  class space    used 3079K, committed 3264K, reserved 1048576K
}
Event: 53.477 GC heap before
{Heap before GC invocations=8 (full 0):
 garbage-first heap   total 75776K, used 52189K [0x0000000709c00000, 0x0000000800000000)
  region size 2048K, 18 young (36864K), 1 survivors (2048K)
 Metaspace       used 28807K, committed 29184K, reserved 1081344K
  class space    used 3079K, committed 3264K, reserved 1048576K
}
Event: 53.479 GC heap after
{Heap after GC invocations=9 (full 0):
 garbage-first heap   total 75776K, used 17381K [0x0000000709c00000, 0x0000000800000000)
  region size 2048K, 1 young (2048K), 1 survivors (2048K)
 Metaspace       used 28807K, committed 29184K, reserved 1081344K
  class space    used 3079K, committed 3264K, reserved 1048576K
}
Event: 57.692 GC heap before
{Heap before GC invocations=9 (full 0):
 garbage-first heap   total 75776K, used 52197K [0x0000000709c00000, 0x0000000800000000)
  region size 2048K, 19 young (38912K), 1 survivors (2048K)
 Metaspace       used 28960K, committed 29312K, reserved 1081344K
  class space    used 3079K, committed 3264K, reserved 1048576K
}
Event: 57.695 GC heap after
{Heap after GC invocations=10 (full 0):
 garbage-first heap   total 75776K, used 17410K [0x0000000709c00000, 0x0000000800000000)
  region size 2048K, 1 young (2048K), 1 survivors (2048K)
 Metaspace       used 28960K, committed 29312K, reserved 1081344K
  class space    used 3079K, committed 3264K, reserved 1048576K
}

