# JRE version: OpenJDK Runtime Environment (17.0.1+12) (build 17.0.1+12-Ubuntu-120.04)
# Java VM: OpenJDK 64-Bit Server VM (17.0.1+12-Ubuntu-120.04, mixed mode, sharing, tiered, compressed oops, compressed class ptrs, g1 gc, linux-amd64)
GC Precious Log:
 CPUs: 8 total, 8 available
 Memory: 15755M
 Large Page Support: Disabled
 NUMA Support: Disabled
 Compressed Oops: Enabled (Zero based)
 Heap Region Size: 2M
 Heap Min Capacity: 8M
 Heap Initial Capacity: 248M
 Heap Max Capacity: 3940M
 Pre-touch: Disabled
 Parallel Workers: 8
 Concurrent Workers: 2
 Concurrent Refinement Workers: 8
 Periodic GC: Disabled
Heap:
 garbage-first heap   total 75776K, used 42455K [0x0000000709c00000, 0x0000000800000000)
  region size 2048K, 15 young (30720K), 1 survivors (2048K)
 Metaspace       used 29018K, committed 29376K, reserved 1081344K
  class space    used 3088K, committed 3264K, reserved 1048576K
GC Heap History (16 events):
Event: 0.244 GC heap before
{Heap before GC invocations=0 (full 0):
 garbage-first heap   total 258048K, used 22496K [0x0000000709c00000, 0x0000000800000000)
  region size 2048K, 11 young (22528K), 0 survivors (0K)
 Metaspace       used 2266K, committed 2432K, reserved 1056768K
  class space    used 219K, committed 320K, reserved 1048576K
}
Event: 0.249 GC heap after
{Heap after GC invocations=1 (full 0):
 garbage-first heap   total 258048K, used 9130K [0x0000000709c00000, 0x0000000800000000)
  region size 2048K, 2 young (4096K), 2 survivors (4096K)
 Metaspace       used 2266K, committed 2432K, reserved 1056768K
  class space    used 219K, committed 320K, reserved 1048576K
}
Event: 1.884 GC heap before
{Heap before GC invocations=1 (full 0):
 garbage-first heap   total 258048K, used 33706K [0x0000000709c00000, 0x0000000800000000)
  region size 2048K, 14 young (28672K), 2 survivors (4096K)
 Metaspace       used 7766K, committed 7936K, reserved 1056768K
  class space    used 902K, committed 960K, reserved 1048576K
}
Event: 1.887 GC heap after
{Heap after GC invocations=2 (full 0):
 garbage-first heap   total 258048K, used 12736K [0x0000000709c00000, 0x0000000800000000)
  region size 2048K, 2 young (4096K), 2 survivors (4096K)
 Metaspace       used 7766K, committed 7936K, reserved 1056768K
  class space    used 902K, committed 960K, reserved 1048576K
}
Event: 2.671 GC heap before
{Heap before GC invocations=2 (full 0):
 garbage-first heap   total 258048K, used 51648K [0x0000000709c00000, 0x0000000800000000)
  region size 2048K, 23 young (47104K), 2 survivors (4096K)
 Metaspace       used 21393K, committed 21568K, reserved 1073152K
  class space    used 2342K, committed 2432K, reserved 1048576K
}
Event: 2.676 GC heap after
{Heap after GC invocations=3 (full 0):
 garbage-first heap   total 258048K, used 15794K [0x0000000709c00000, 0x0000000800000000)
  region size 2048K, 2 young (4096K), 2 survivors (4096K)
 Metaspace       used 21393K, committed 21568K, reserved 1073152K
  class space    used 2342K, committed 2432K, reserved 1048576K
}
Event: 27.655 GC heap before
{Heap before GC invocations=4 (full 0):
 garbage-first heap   total 75776K, used 52658K [0x0000000709c00000, 0x0000000800000000)
  region size 2048K, 22 young (45056K), 2 survivors (4096K)
 Metaspace       used 27527K, committed 27840K, reserved 1073152K
  class space    used 3080K, committed 3264K, reserved 1048576K
}
Event: 27.658 GC heap after
{Heap after GC invocations=5 (full 0):
 garbage-first heap   total 75776K, used 17576K [0x0000000709c00000, 0x0000000800000000)
  region size 2048K, 3 young (6144K), 3 survivors (6144K)
 Metaspace       used 27527K, committed 27840K, reserved 1073152K
  class space    used 3080K, committed 3264K, reserved 1048576K
}
Event: 27.865 GC heap before
{Heap before GC invocations=5 (full 0):
 garbage-first heap   total 75776K, used 19624K [0x0000000709c00000, 0x0000000800000000)
  region size 2048K, 4 young (8192K), 3 survivors (6144K)
 Metaspace       used 27742K, committed 28096K, reserved 1081344K
  class space    used 3080K, committed 3264K, reserved 1048576K
}
Event: 27.868 GC heap after
{Heap after GC invocations=6 (full 0):
 garbage-first heap   total 75776K, used 16118K [0x0000000709c00000, 0x0000000800000000)
  region size 2048K, 1 young (2048K), 1 survivors (2048K)
 Metaspace       used 27742K, committed 28096K, reserved 1081344K
  class space    used 3080K, committed 3264K, reserved 1048576K
}
Event: 31.245 GC heap before
{Heap before GC invocations=6 (full 0):
 garbage-first heap   total 75776K, used 46838K [0x0000000709c00000, 0x0000000800000000)
  region size 2048K, 16 young (32768K), 1 survivors (2048K)
 Metaspace       used 28509K, committed 28864K, reserved 1081344K
  class space    used 3081K, committed 3264K, reserved 1048576K
}
Event: 31.247 GC heap after
{Heap after GC invocations=7 (full 0):
 garbage-first heap   total 75776K, used 15798K [0x0000000709c00000, 0x0000000800000000)
  region size 2048K, 1 young (2048K), 1 survivors (2048K)
 Metaspace       used 28509K, committed 28864K, reserved 1081344K
  class space    used 3081K, committed 3264K, reserved 1048576K
}
Event: 34.712 GC heap before
{Heap before GC invocations=7 (full 0):
 garbage-first heap   total 75776K, used 46518K [0x0000000709c00000, 0x0000000800000000)
  region size 2048K, 17 young (34816K), 1 survivors (2048K)
 Metaspace       used 28796K, committed 29184K, reserved 1081344K
  class space    used 3081K, committed 3264K, reserved 1048576K
}
Event: 34.717 GC heap after
{Heap after GC invocations=8 (full 0):
 garbage-first heap   total 75776K, used 15798K [0x0000000709c00000, 0x0000000800000000)
  region size 2048K, 1 young (2048K), 1 survivors (2048K)
 Metaspace       used 28796K, committed 29184K, reserved 1081344K
  class space    used 3081K, committed 3264K, reserved 1048576K
}
Event: 38.388 GC heap before
{Heap before GC invocations=8 (full 0):
 garbage-first heap   total 75776K, used 50614K [0x0000000709c00000, 0x0000000800000000)
  region size 2048K, 18 young (36864K), 1 survivors (2048K)
 Metaspace       used 28902K, committed 29248K, reserved 1081344K
  class space    used 3081K, committed 3264K, reserved 1048576K
}
Event: 38.398 GC heap after
{Heap after GC invocations=9 (full 0):
 garbage-first heap   total 75776K, used 15831K [0x0000000709c00000, 0x0000000800000000)
  region size 2048K, 1 young (2048K), 1 survivors (2048K)
 Metaspace       used 28902K, committed 29248K, reserved 1081344K
  class space    used 3081K, committed 3264K, reserved 1048576K
}

